<?xml version="1.0" encoding="UTF-8"?>
<coverage generated="1767373617510" clover="3.2.0">
  <project timestamp="1767373617511" name="All files">
    <metrics statements="45" coveredstatements="34" conditionals="4" coveredconditionals="3" methods="6" coveredmethods="6" elements="55" coveredelements="43" complexity="0" loc="45" ncloc="45" packages="2" files="3" classes="3"/>
    <package name="controller">
      <metrics statements="38" coveredstatements="27" conditionals="4" coveredconditionals="3" methods="6" coveredmethods="6"/>
      <file name="paginasController.js" path="C:\Users\DANIEL\Documents\03_CURSOS\01_PROGRAMACION\07_PROYECTOS\PROYECTOS NODEJS\P03-NODEJS-Agencia de Viajes\controller\paginasController.js">
        <metrics statements="31" coveredstatements="22" conditionals="4" coveredconditionals="3" methods="5" coveredmethods="5"/>
        <line num="4" count="1" type="stmt"/>
        <line num="7" count="1" type="stmt"/>
        <line num="8" count="1" type="stmt"/>
        <line num="10" count="1" type="stmt"/>
        <line num="18" count="0" type="stmt"/>
        <line num="19" count="0" type="stmt"/>
        <line num="23" count="1" type="stmt"/>
        <line num="25" count="1" type="stmt"/>
        <line num="31" count="1" type="stmt"/>
        <line num="33" count="2" type="stmt"/>
        <line num="36" count="2" type="stmt"/>
        <line num="38" count="2" type="stmt"/>
        <line num="45" count="0" type="stmt"/>
        <line num="46" count="0" type="stmt"/>
        <line num="51" count="1" type="stmt"/>
        <line num="53" count="2" type="stmt"/>
        <line num="55" count="2" type="stmt"/>
        <line num="56" count="2" type="stmt"/>
        <line num="58" count="2" type="cond" truecount="2" falsecount="0"/>
        <line num="59" count="1" type="stmt"/>
        <line num="62" count="1" type="stmt"/>
        <line num="68" count="0" type="stmt"/>
        <line num="69" count="0" type="stmt"/>
        <line num="73" count="1" type="stmt"/>
        <line num="75" count="3" type="stmt"/>
        <line num="76" count="3" type="stmt"/>
        <line num="78" count="3" type="cond" truecount="1" falsecount="1"/>
        <line num="79" count="0" type="stmt"/>
        <line num="86" count="3" type="stmt"/>
        <line num="91" count="0" type="stmt"/>
        <line num="92" count="0" type="stmt"/>
      </file>
      <file name="testimonialController.js" path="C:\Users\DANIEL\Documents\03_CURSOS\01_PROGRAMACION\07_PROYECTOS\PROYECTOS NODEJS\P03-NODEJS-Agencia de Viajes\controller\testimonialController.js">
        <metrics statements="7" coveredstatements="5" conditionals="0" coveredconditionals="0" methods="1" coveredmethods="1"/>
        <line num="3" count="1" type="stmt"/>
        <line num="5" count="1" type="stmt"/>
        <line num="8" count="1" type="stmt"/>
        <line num="9" count="1" type="stmt"/>
        <line num="16" count="0" type="stmt"/>
        <line num="17" count="0" type="stmt"/>
        <line num="23" count="1" type="stmt"/>
      </file>
    </package>
    <package name="routes">
      <metrics statements="7" coveredstatements="7" conditionals="0" coveredconditionals="0" methods="0" coveredmethods="0"/>
      <file name="rutasView.js" path="C:\Users\DANIEL\Documents\03_CURSOS\01_PROGRAMACION\07_PROYECTOS\PROYECTOS NODEJS\P03-NODEJS-Agencia de Viajes\routes\rutasView.js">
        <metrics statements="7" coveredstatements="7" conditionals="0" coveredconditionals="0" methods="0" coveredmethods="0"/>
        <line num="6" count="1" type="stmt"/>
        <line num="9" count="1" type="stmt"/>
        <line num="12" count="1" type="stmt"/>
        <line num="15" count="1" type="stmt"/>
        <line num="16" count="1" type="stmt"/>
        <line num="23" count="1" type="stmt"/>
        <line num="24" count="1" type="stmt"/>
      </file>
    </package>
  </project>
</coverage>
