{"C:\\Users\\DANIEL\\Documents\\03_CURSOS\\01_PROGRAMACION\\07_PROYECTOS\\PROYECTOS NODEJS\\P03-NODEJS-Agencia de Viajes\\controller\\paginasController.js": {"path":"C:\\Users\\DANIEL\\Documents\\03_CURSOS\\01_PROGRAMACION\\07_PROYECTOS\\PROYECTOS NODEJS\\P03-NODEJS-Agencia de Viajes\\controller\\paginasController.js","statementMap":{"0":{"start":{"line":4,"column":21},"end":{"line":21,"column":1}},"1":{"start":{"line":7,"column":4},"end":{"line":20,"column":5}},"2":{"start":{"line":8,"column":40},"end":{"line":8,"column":125}},"3":{"start":{"line":10,"column":8},"end":{"line":15,"column":11}},"4":{"start":{"line":18,"column":8},"end":{"line":18,"column":70}},"5":{"start":{"line":19,"column":8},"end":{"line":19,"column":44}},"6":{"start":{"line":23,"column":23},"end":{"line":29,"column":1}},"7":{"start":{"line":25,"column":4},"end":{"line":27,"column":6}},"8":{"start":{"line":31,"column":21},"end":{"line":48,"column":1}},"9":{"start":{"line":33,"column":4},"end":{"line":47,"column":5}},"10":{"start":{"line":36,"column":23},"end":{"line":36,"column":44}},"11":{"start":{"line":38,"column":8},"end":{"line":41,"column":10}},"12":{"start":{"line":45,"column":8},"end":{"line":45,"column":70}},"13":{"start":{"line":46,"column":8},"end":{"line":46,"column":44}},"14":{"start":{"line":51,"column":29},"end":{"line":71,"column":1}},"15":{"start":{"line":53,"column":22},"end":{"line":53,"column":32}},"16":{"start":{"line":55,"column":4},"end":{"line":70,"column":5}},"17":{"start":{"line":56,"column":26},"end":{"line":56,"column":73}},"18":{"start":{"line":58,"column":8},"end":{"line":60,"column":9}},"19":{"start":{"line":59,"column":12},"end":{"line":59,"column":49}},"20":{"start":{"line":62,"column":8},"end":{"line":65,"column":10}},"21":{"start":{"line":68,"column":8},"end":{"line":68,"column":69}},"22":{"start":{"line":69,"column":8},"end":{"line":69,"column":44}},"23":{"start":{"line":73,"column":28},"end":{"line":95,"column":1}},"24":{"start":{"line":75,"column":4},"end":{"line":93,"column":5}},"25":{"start":{"line":76,"column":30},"end":{"line":76,"column":59}},"26":{"start":{"line":78,"column":8},"end":{"line":84,"column":9}},"27":{"start":{"line":79,"column":12},"end":{"line":83,"column":14}},"28":{"start":{"line":86,"column":8},"end":{"line":89,"column":10}},"29":{"start":{"line":91,"column":8},"end":{"line":91,"column":77}},"30":{"start":{"line":92,"column":8},"end":{"line":92,"column":44}}},"fnMap":{"0":{"name":"(anonymous_0)","decl":{"start":{"line":4,"column":21},"end":{"line":4,"column":22}},"loc":{"start":{"line":4,"column":41},"end":{"line":21,"column":1}},"line":4},"1":{"name":"(anonymous_1)","decl":{"start":{"line":23,"column":23},"end":{"line":23,"column":24}},"loc":{"start":{"line":23,"column":37},"end":{"line":29,"column":1}},"line":23},"2":{"name":"(anonymous_2)","decl":{"start":{"line":31,"column":21},"end":{"line":31,"column":22}},"loc":{"start":{"line":31,"column":41},"end":{"line":48,"column":1}},"line":31},"3":{"name":"(anonymous_3)","decl":{"start":{"line":51,"column":29},"end":{"line":51,"column":30}},"loc":{"start":{"line":51,"column":49},"end":{"line":71,"column":1}},"line":51},"4":{"name":"(anonymous_4)","decl":{"start":{"line":73,"column":28},"end":{"line":73,"column":29}},"loc":{"start":{"line":73,"column":48},"end":{"line":95,"column":1}},"line":73}},"branchMap":{"0":{"loc":{"start":{"line":58,"column":8},"end":{"line":60,"column":9}},"type":"if","locations":[{"start":{"line":58,"column":8},"end":{"line":60,"column":9}},{"start":{},"end":{}}],"line":58},"1":{"loc":{"start":{"line":78,"column":8},"end":{"line":84,"column":9}},"type":"if","locations":[{"start":{"line":78,"column":8},"end":{"line":84,"column":9}},{"start":{},"end":{}}],"line":78}},"s":{"0":1,"1":1,"2":1,"3":1,"4":0,"5":0,"6":1,"7":1,"8":1,"9":2,"10":2,"11":2,"12":0,"13":0,"14":1,"15":2,"16":2,"17":2,"18":2,"19":1,"20":1,"21":0,"22":0,"23":1,"24":3,"25":3,"26":3,"27":0,"28":3,"29":0,"30":0},"f":{"0":1,"1":1,"2":2,"3":2,"4":3},"b":{"0":[1,1],"1":[0,3]},"inputSourceMap":null,"_coverageSchema":"1a1c01bbd47fc00a2c39e90264f33305004495a9","hash":"ac2b499fb5b763019af859f40bb3a78ce73569c3"}
,"C:\\Users\\DANIEL\\Documents\\03_CURSOS\\01_PROGRAMACION\\07_PROYECTOS\\PROYECTOS NODEJS\\P03-NODEJS-Agencia de Viajes\\controller\\testimonialController.js": {"path":"C:\\Users\\DANIEL\\Documents\\03_CURSOS\\01_PROGRAMACION\\07_PROYECTOS\\PROYECTOS NODEJS\\P03-NODEJS-Agencia de Viajes\\controller\\testimonialController.js","statementMap":{"0":{"start":{"line":3,"column":27},"end":{"line":25,"column":1}},"1":{"start":{"line":5,"column":37},"end":{"line":5,"column":45}},"2":{"start":{"line":8,"column":4},"end":{"line":20,"column":5}},"3":{"start":{"line":9,"column":8},"end":{"line":13,"column":10}},"4":{"start":{"line":16,"column":8},"end":{"line":16,"column":43}},"5":{"start":{"line":17,"column":8},"end":{"line":19,"column":10}},"6":{"start":{"line":23,"column":4},"end":{"line":23,"column":47}}},"fnMap":{"0":{"name":"(anonymous_0)","decl":{"start":{"line":3,"column":27},"end":{"line":3,"column":28}},"loc":{"start":{"line":3,"column":46},"end":{"line":25,"column":1}},"line":3}},"branchMap":{},"s":{"0":1,"1":1,"2":1,"3":1,"4":0,"5":0,"6":1},"f":{"0":1},"b":{},"inputSourceMap":null,"_coverageSchema":"1a1c01bbd47fc00a2c39e90264f33305004495a9","hash":"f56c9a3e75420d1ace2a370deed632874710f926"}
,"C:\\Users\\DANIEL\\Documents\\03_CURSOS\\01_PROGRAMACION\\07_PROYECTOS\\PROYECTOS NODEJS\\P03-NODEJS-Agencia de Viajes\\routes\\rutasView.js": {"path":"C:\\Users\\DANIEL\\Documents\\03_CURSOS\\01_PROGRAMACION\\07_PROYECTOS\\PROYECTOS NODEJS\\P03-NODEJS-Agencia de Viajes\\routes\\rutasView.js","statementMap":{"0":{"start":{"line":6,"column":15},"end":{"line":6,"column":31}},"1":{"start":{"line":9,"column":0},"end":{"line":9,"column":29}},"2":{"start":{"line":12,"column":0},"end":{"line":12,"column":39}},"3":{"start":{"line":15,"column":0},"end":{"line":15,"column":35}},"4":{"start":{"line":16,"column":0},"end":{"line":19,"column":25}},"5":{"start":{"line":23,"column":0},"end":{"line":23,"column":49}},"6":{"start":{"line":24,"column":0},"end":{"line":27,"column":24}}},"fnMap":{},"branchMap":{},"s":{"0":1,"1":1,"2":1,"3":1,"4":1,"5":1,"6":1},"f":{},"b":{},"inputSourceMap":null,"_coverageSchema":"1a1c01bbd47fc00a2c39e90264f33305004495a9","hash":"eb1e7988a4d18c6d7a16377fa7c57eff434ce58d"}
}
