TN:
SF:controller\paginasController.js
FN:4,(anonymous_0)
FN:23,(anonymous_1)
FN:31,(anonymous_2)
FN:51,(anonymous_3)
FN:73,(anonymous_4)
FNF:5
FNH:5
FNDA:1,(anonymous_0)
FNDA:1,(anonymous_1)
FNDA:2,(anonymous_2)
FNDA:2,(anonymous_3)
FNDA:3,(anonymous_4)
DA:4,1
DA:7,1
DA:8,1
DA:10,1
DA:18,0
DA:19,0
DA:23,1
DA:25,1
DA:31,1
DA:33,2
DA:36,2
DA:38,2
DA:45,0
DA:46,0
DA:51,1
DA:53,2
DA:55,2
DA:56,2
DA:58,2
DA:59,1
DA:62,1
DA:68,0
DA:69,0
DA:73,1
DA:75,3
DA:76,3
DA:78,3
DA:79,0
DA:86,3
DA:91,0
DA:92,0
LF:31
LH:22
BRDA:58,0,0,1
BRDA:58,0,1,1
BRDA:78,1,0,0
BRDA:78,1,1,3
BRF:4
BRH:3
end_of_record
TN:
SF:controller\testimonialController.js
FN:3,(anonymous_0)
FNF:1
FNH:1
FNDA:1,(anonymous_0)
DA:3,1
DA:5,1
DA:8,1
DA:9,1
DA:16,0
DA:17,0
DA:23,1
LF:7
LH:5
BRF:0
BRH:0
end_of_record
TN:
SF:routes\rutasView.js
FNF:0
FNH:0
DA:6,1
DA:9,1
DA:12,1
DA:15,1
DA:16,1
DA:23,1
DA:24,1
LF:7
LH:7
BRF:0
BRH:0
end_of_record
